<?xml version="1.0" encoding="utf-8"?><testsuites name="pytest tests"><testsuite name="pytest" errors="0" failures="0" skipped="0" tests="20" time="8.530" timestamp="2026-09-17T15:18:52.469083+00:00" hostname="agent-env-79d7181e-b29e-4cfd-a22b-792291736d91"><testcase classname="tests.test_demo_api_regression" name="test_catalog_contract" time="0.293" /><testcase classname="tests.test_demo_api_regression" name="test_demo_session_create_and_persist" time="0.262" /><testcase classname="tests.test_demo_api_regression" name="test_demo_session_not_found_and_malformed" time="0.181" /><testcase classname="tests.test_demo_api_regression" name="test_start_deducts_balance_and_sets_timer" time="0.355" /><testcase classname="tests.test_demo_api_regression" name="test_start_rejects_invalid_stakes[0]" time="0.626" /><testcase classname="tests.test_demo_api_regression" name="test_start_rejects_invalid_stakes[-1]" time="0.219" /><testcase classname="tests.test_demo_api_regression" name="test_start_rejects_invalid_stakes[1.5]" time="0.306" /><testcase classname="tests.test_demo_api_regression" name="test_start_rejects_invalid_stakes[100001]" time="0.222" /><testcase classname="tests.test_demo_api_regression" name="test_start_rejects_insufficient_balance" time="0.369" /><testcase classname="tests.test_demo_api_regression" name="test_duplicate_running_pod_rejected" time="0.242" /><testcase classname="tests.test_demo_api_regression" name="test_claim_before_ready_rejected" time="0.316" /><testcase classname="tests.test_demo_api_regression" name="test_fast_forward_settles_exactly_once_and_prevents_duplicate_credits" time="0.376" /><testcase classname="tests.test_demo_api_regression" name="test_claim_once_only_and_no_duplicate_on_repeat" time="0.413" /><testcase classname="tests.test_demo_api_regression" name="test_concurrent_same_pod_start_only_one_charge" time="0.376" /><testcase classname="tests.test_demo_api_regression" name="test_concurrent_claims_no_duplicate_credit" time="0.527" /><testcase classname="tests.test_demo_api_regression" name="test_natural_expiry_settles_on_get_and_preserves_75_25" time="0.458" /><testcase classname="tests.test_demo_api_regression" name="test_settings_changes_default_only_for_future_runs" time="0.434" /><testcase classname="tests.test_demo_api_regression" name="test_top_up_adds_10000" time="0.338" /><testcase classname="tests.test_demo_api_regression" name="test_reset_clears_runs_events_and_restores_balance" time="0.539" /><testcase classname="tests.test_demo_api_regression" name="test_max_integer_stake_accepted_with_sufficient_balance" time="1.100" /></testsuite></testsuites>