<?xml version="1.0" encoding="utf-8"?><testsuites name="pytest tests"><testsuite name="pytest" errors="0" failures="0" skipped="0" tests="17" time="18.330" timestamp="2026-09-17T16:37:20.568384+00:00" hostname="agent-env-79d7181e-b29e-4cfd-a22b-792291736d91"><testcase classname="tests.test_wallet_auth_protocol_regression" name="test_csrf_issue_and_cookie_contract" time="0.149" /><testcase classname="tests.test_wallet_auth_protocol_regression" name="test_missing_csrf_is_403_and_valid_preauth_csrf_yields_401_on_private_mutation" time="0.278" /><testcase classname="tests.test_wallet_auth_protocol_regression" name="test_csrf_mismatch_and_cross_site_blocked" time="0.429" /><testcase classname="tests.test_wallet_auth_protocol_regression" name="test_wallet_auth_happy_path_message_cookie_restore_logout" time="0.683" /><testcase classname="tests.test_wallet_auth_protocol_regression" name="test_verify_cookie_attributes_are_secure_http_only_and_api_scoped" time="0.360" /><testcase classname="tests.test_wallet_auth_protocol_regression" name="test_verify_rejects_malformed_signature_payload" time="0.394" /><testcase classname="tests.test_wallet_auth_protocol_regression" name="test_verify_rejects_wrong_signer" time="0.356" /><testcase classname="tests.test_wallet_auth_protocol_regression" name="test_verify_rejects_altered_message_and_replay" time="0.705" /><testcase classname="tests.test_wallet_auth_protocol_regression" name="test_verify_rejects_expired_nonce" time="0.416" /><testcase classname="tests.test_wallet_auth_protocol_regression" name="test_private_endpoints_require_auth_and_workspace_ownership" time="1.182" /><testcase classname="tests.test_wallet_auth_protocol_regression" name="test_legacy_private_mutations_are_protected" time="1.073" /><testcase classname="tests.test_wallet_auth_protocol_regression" name="test_private_mutations_reject_missing_or_bad_csrf_even_when_authenticated" time="0.639" /><testcase classname="tests.test_wallet_auth_protocol_regression" name="test_natural_expiry_settles_once_with_exact_75_25" time="0.788" /><testcase classname="tests.test_wallet_auth_protocol_regression" name="test_public_protocol_visibility_and_no_private_leaks" time="1.749" /><testcase classname="tests.test_wallet_auth_protocol_regression" name="test_tier_ranges_asset_odds_and_generated_rewards_bounds" time="6.285" /><testcase classname="tests.test_wallet_auth_protocol_regression" name="test_share_idempotent_owned_claimed_only_and_public_snapshot" time="2.221" /><testcase classname="tests.test_wallet_auth_protocol_regression" name="test_public_reward_not_found_message" time="0.152" /></testsuite></testsuites>